{"/Users/sup/Desktop/practice/korean-id/src/brn.ts": {"path":"/Users/sup/Desktop/practice/korean-id/src/brn.ts","statementMap":{"0":{"start":{"line":21,"column":0},"end":{"line":21,"column":16}},"1":{"start":{"line":1,"column":0},"end":{"line":1,"column":50}},"2":{"start":{"line":22,"column":12},"end":{"line":22,"column":29}},"3":{"start":{"line":23,"column":2},"end":{"line":23,"column":77}},"4":{"start":{"line":23,"column":10},"end":{"line":23,"column":77}},"5":{"start":{"line":24,"column":2},"end":{"line":24,"column":83}},"6":{"start":{"line":24,"column":23},"end":{"line":24,"column":83}},"7":{"start":{"line":26,"column":21},"end":{"line":26,"column":34}},"8":{"start":{"line":27,"column":19},"end":{"line":27,"column":32}},"9":{"start":{"line":28,"column":17},"end":{"line":28,"column":30}},"10":{"start":{"line":30,"column":2},"end":{"line":32,"column":3}},"11":{"start":{"line":31,"column":4},"end":{"line":31,"column":66}},"12":{"start":{"line":33,"column":2},"end":{"line":35,"column":3}},"13":{"start":{"line":34,"column":4},"end":{"line":34,"column":69}},"14":{"start":{"line":36,"column":2},"end":{"line":38,"column":3}},"15":{"start":{"line":37,"column":4},"end":{"line":37,"column":64}},"16":{"start":{"line":40,"column":18},"end":{"line":40,"column":45}},"17":{"start":{"line":41,"column":17},"end":{"line":41,"column":40}},"18":{"start":{"line":42,"column":14},"end":{"line":42,"column":67}},"19":{"start":{"line":42,"column":44},"end":{"line":42,"column":63}},"20":{"start":{"line":43,"column":16},"end":{"line":43,"column":48}},"21":{"start":{"line":44,"column":21},"end":{"line":44,"column":53}},"22":{"start":{"line":46,"column":2},"end":{"line":48,"column":3}},"23":{"start":{"line":47,"column":4},"end":{"line":47,"column":59}},"24":{"start":{"line":50,"column":2},"end":{"line":57,"column":4}}},"fnMap":{"0":{"name":"validateBRN","decl":{"start":{"line":21,"column":16},"end":{"line":21,"column":27}},"loc":{"start":{"line":21,"column":41},"end":{"line":58,"column":1}}},"1":{"name":"(anonymous_1)","decl":{"start":{"line":42,"column":29},"end":{"line":42,"column":30}},"loc":{"start":{"line":42,"column":44},"end":{"line":42,"column":63}}}},"branchMap":{"0":{"loc":{"start":{"line":23,"column":2},"end":{"line":23,"column":77}},"type":"if","locations":[{"start":{"line":23,"column":2},"end":{"line":23,"column":77}}]},"1":{"loc":{"start":{"line":24,"column":2},"end":{"line":24,"column":83}},"type":"if","locations":[{"start":{"line":24,"column":2},"end":{"line":24,"column":83}}]},"2":{"loc":{"start":{"line":30,"column":2},"end":{"line":32,"column":3}},"type":"if","locations":[{"start":{"line":30,"column":2},"end":{"line":32,"column":3}}]},"3":{"loc":{"start":{"line":33,"column":2},"end":{"line":35,"column":3}},"type":"if","locations":[{"start":{"line":33,"column":2},"end":{"line":35,"column":3}}]},"4":{"loc":{"start":{"line":36,"column":2},"end":{"line":38,"column":3}},"type":"if","locations":[{"start":{"line":36,"column":2},"end":{"line":38,"column":3}}]},"5":{"loc":{"start":{"line":46,"column":2},"end":{"line":48,"column":3}},"type":"if","locations":[{"start":{"line":46,"column":2},"end":{"line":48,"column":3}}]}},"s":{"0":1,"1":1,"2":10,"3":10,"4":1,"5":9,"6":2,"7":7,"8":7,"9":7,"10":7,"11":2,"12":5,"13":1,"14":4,"15":1,"16":3,"17":3,"18":3,"19":27,"20":3,"21":3,"22":3,"23":1,"24":2},"f":{"0":10,"1":27},"b":{"0":[1],"1":[2],"2":[2],"3":[1],"4":[1],"5":[1]}}
,"/Users/sup/Desktop/practice/korean-id/src/crn.ts": {"path":"/Users/sup/Desktop/practice/korean-id/src/crn.ts","statementMap":{"0":{"start":{"line":13,"column":0},"end":{"line":13,"column":16}},"1":{"start":{"line":1,"column":0},"end":{"line":1,"column":50}},"2":{"start":{"line":14,"column":12},"end":{"line":14,"column":29}},"3":{"start":{"line":15,"column":2},"end":{"line":15,"column":77}},"4":{"start":{"line":15,"column":10},"end":{"line":15,"column":77}},"5":{"start":{"line":16,"column":2},"end":{"line":16,"column":83}},"6":{"start":{"line":16,"column":23},"end":{"line":16,"column":83}},"7":{"start":{"line":18,"column":18},"end":{"line":18,"column":54}},"8":{"start":{"line":19,"column":17},"end":{"line":19,"column":40}},"9":{"start":{"line":21,"column":12},"end":{"line":21,"column":13}},"10":{"start":{"line":22,"column":2},"end":{"line":25,"column":3}},"11":{"start":{"line":22,"column":15},"end":{"line":22,"column":16}},"12":{"start":{"line":23,"column":20},"end":{"line":23,"column":42}},"13":{"start":{"line":24,"column":4},"end":{"line":24,"column":79}},"14":{"start":{"line":27,"column":21},"end":{"line":27,"column":43}},"15":{"start":{"line":29,"column":2},"end":{"line":31,"column":3}},"16":{"start":{"line":30,"column":4},"end":{"line":30,"column":59}},"17":{"start":{"line":33,"column":2},"end":{"line":33,"column":27}}},"fnMap":{"0":{"name":"validateCRN","decl":{"start":{"line":13,"column":16},"end":{"line":13,"column":27}},"loc":{"start":{"line":13,"column":41},"end":{"line":34,"column":1}}}},"branchMap":{"0":{"loc":{"start":{"line":15,"column":2},"end":{"line":15,"column":77}},"type":"if","locations":[{"start":{"line":15,"column":2},"end":{"line":15,"column":77}}]},"1":{"loc":{"start":{"line":16,"column":2},"end":{"line":16,"column":83}},"type":"if","locations":[{"start":{"line":16,"column":2},"end":{"line":16,"column":83}}]},"2":{"loc":{"start":{"line":24,"column":11},"end":{"line":24,"column":78}},"type":"cond-expr","locations":[{"start":{"line":24,"column":27},"end":{"line":24,"column":68}},{"start":{"line":24,"column":71},"end":{"line":24,"column":78}}]},"3":{"loc":{"start":{"line":29,"column":2},"end":{"line":31,"column":3}},"type":"if","locations":[{"start":{"line":29,"column":2},"end":{"line":31,"column":3}}]}},"s":{"0":1,"1":1,"2":6,"3":6,"4":1,"5":5,"6":2,"7":3,"8":3,"9":3,"10":3,"11":3,"12":36,"13":36,"14":3,"15":3,"16":1,"17":2},"f":{"0":6},"b":{"0":[1],"1":[2],"2":[3,33],"3":[1]}}
,"/Users/sup/Desktop/practice/korean-id/src/format.ts": {"path":"/Users/sup/Desktop/practice/korean-id/src/format.ts","statementMap":{"0":{"start":{"line":10,"column":0},"end":{"line":10,"column":16}},"1":{"start":{"line":22,"column":0},"end":{"line":22,"column":16}},"2":{"start":{"line":34,"column":0},"end":{"line":34,"column":16}},"3":{"start":{"line":46,"column":0},"end":{"line":46,"column":16}},"4":{"start":{"line":58,"column":0},"end":{"line":58,"column":16}},"5":{"start":{"line":70,"column":0},"end":{"line":70,"column":16}},"6":{"start":{"line":82,"column":0},"end":{"line":82,"column":16}},"7":{"start":{"line":1,"column":0},"end":{"line":1,"column":50}},"8":{"start":{"line":11,"column":12},"end":{"line":11,"column":29}},"9":{"start":{"line":12,"column":2},"end":{"line":12,"column":41}},"10":{"start":{"line":12,"column":29},"end":{"line":12,"column":41}},"11":{"start":{"line":13,"column":2},"end":{"line":13,"column":59}},"12":{"start":{"line":23,"column":12},"end":{"line":23,"column":29}},"13":{"start":{"line":24,"column":2},"end":{"line":24,"column":41}},"14":{"start":{"line":24,"column":29},"end":{"line":24,"column":41}},"15":{"start":{"line":25,"column":2},"end":{"line":25,"column":42}},"16":{"start":{"line":35,"column":12},"end":{"line":35,"column":29}},"17":{"start":{"line":36,"column":2},"end":{"line":36,"column":41}},"18":{"start":{"line":36,"column":29},"end":{"line":36,"column":41}},"19":{"start":{"line":37,"column":2},"end":{"line":37,"column":42}},"20":{"start":{"line":47,"column":12},"end":{"line":47,"column":29}},"21":{"start":{"line":48,"column":2},"end":{"line":48,"column":41}},"22":{"start":{"line":48,"column":29},"end":{"line":48,"column":41}},"23":{"start":{"line":49,"column":2},"end":{"line":49,"column":42}},"24":{"start":{"line":59,"column":20},"end":{"line":59,"column":36}},"25":{"start":{"line":60,"column":2},"end":{"line":60,"column":30}},"26":{"start":{"line":60,"column":18},"end":{"line":60,"column":30}},"27":{"start":{"line":61,"column":2},"end":{"line":61,"column":52}},"28":{"start":{"line":71,"column":20},"end":{"line":71,"column":36}},"29":{"start":{"line":72,"column":2},"end":{"line":72,"column":30}},"30":{"start":{"line":72,"column":18},"end":{"line":72,"column":30}},"31":{"start":{"line":73,"column":2},"end":{"line":73,"column":61}},"32":{"start":{"line":83,"column":20},"end":{"line":83,"column":36}},"33":{"start":{"line":84,"column":2},"end":{"line":84,"column":30}},"34":{"start":{"line":84,"column":18},"end":{"line":84,"column":30}},"35":{"start":{"line":85,"column":2},"end":{"line":85,"column":52}}},"fnMap":{"0":{"name":"formatBRN","decl":{"start":{"line":10,"column":16},"end":{"line":10,"column":25}},"loc":{"start":{"line":10,"column":39},"end":{"line":14,"column":1}}},"1":{"name":"formatRRN","decl":{"start":{"line":22,"column":16},"end":{"line":22,"column":25}},"loc":{"start":{"line":22,"column":39},"end":{"line":26,"column":1}}},"2":{"name":"formatCRN","decl":{"start":{"line":34,"column":16},"end":{"line":34,"column":25}},"loc":{"start":{"line":34,"column":39},"end":{"line":38,"column":1}}},"3":{"name":"formatFRN","decl":{"start":{"line":46,"column":16},"end":{"line":46,"column":25}},"loc":{"start":{"line":46,"column":39},"end":{"line":50,"column":1}}},"4":{"name":"maskRRN","decl":{"start":{"line":58,"column":16},"end":{"line":58,"column":23}},"loc":{"start":{"line":58,"column":37},"end":{"line":62,"column":1}}},"5":{"name":"maskBRN","decl":{"start":{"line":70,"column":16},"end":{"line":70,"column":23}},"loc":{"start":{"line":70,"column":37},"end":{"line":74,"column":1}}},"6":{"name":"maskFRN","decl":{"start":{"line":82,"column":16},"end":{"line":82,"column":23}},"loc":{"start":{"line":82,"column":37},"end":{"line":86,"column":1}}}},"branchMap":{"0":{"loc":{"start":{"line":12,"column":2},"end":{"line":12,"column":41}},"type":"if","locations":[{"start":{"line":12,"column":2},"end":{"line":12,"column":41}}]},"1":{"loc":{"start":{"line":12,"column":6},"end":{"line":12,"column":27}},"type":"binary-expr","locations":[{"start":{"line":12,"column":6},"end":{"line":12,"column":8}},{"start":{"line":12,"column":12},"end":{"line":12,"column":27}}]},"2":{"loc":{"start":{"line":24,"column":2},"end":{"line":24,"column":41}},"type":"if","locations":[{"start":{"line":24,"column":2},"end":{"line":24,"column":41}}]},"3":{"loc":{"start":{"line":24,"column":6},"end":{"line":24,"column":27}},"type":"binary-expr","locations":[{"start":{"line":24,"column":6},"end":{"line":24,"column":8}},{"start":{"line":24,"column":12},"end":{"line":24,"column":27}}]},"4":{"loc":{"start":{"line":36,"column":2},"end":{"line":36,"column":41}},"type":"if","locations":[{"start":{"line":36,"column":2},"end":{"line":36,"column":41}}]},"5":{"loc":{"start":{"line":36,"column":6},"end":{"line":36,"column":27}},"type":"binary-expr","locations":[{"start":{"line":36,"column":6},"end":{"line":36,"column":8}},{"start":{"line":36,"column":12},"end":{"line":36,"column":27}}]},"6":{"loc":{"start":{"line":48,"column":2},"end":{"line":48,"column":41}},"type":"if","locations":[{"start":{"line":48,"column":2},"end":{"line":48,"column":41}}]},"7":{"loc":{"start":{"line":48,"column":6},"end":{"line":48,"column":27}},"type":"binary-expr","locations":[{"start":{"line":48,"column":6},"end":{"line":48,"column":8}},{"start":{"line":48,"column":12},"end":{"line":48,"column":27}}]},"8":{"loc":{"start":{"line":60,"column":2},"end":{"line":60,"column":30}},"type":"if","locations":[{"start":{"line":60,"column":2},"end":{"line":60,"column":30}}]},"9":{"loc":{"start":{"line":72,"column":2},"end":{"line":72,"column":30}},"type":"if","locations":[{"start":{"line":72,"column":2},"end":{"line":72,"column":30}}]},"10":{"loc":{"start":{"line":84,"column":2},"end":{"line":84,"column":30}},"type":"if","locations":[{"start":{"line":84,"column":2},"end":{"line":84,"column":30}}]}},"s":{"0":1,"1":1,"2":1,"3":1,"4":1,"5":1,"6":1,"7":1,"8":6,"9":6,"10":2,"11":4,"12":6,"13":6,"14":2,"15":4,"16":2,"17":2,"18":1,"19":1,"20":2,"21":2,"22":0,"23":2,"24":3,"25":3,"26":1,"27":2,"28":3,"29":3,"30":1,"31":2,"32":1,"33":1,"34":0,"35":1},"f":{"0":6,"1":6,"2":2,"3":2,"4":3,"5":3,"6":1},"b":{"0":[2],"1":[6,6],"2":[2],"3":[6,6],"4":[1],"5":[2,2],"6":[0],"7":[2,2],"8":[1],"9":[1],"10":[0]}}
,"/Users/sup/Desktop/practice/korean-id/src/frn.ts": {"path":"/Users/sup/Desktop/practice/korean-id/src/frn.ts","statementMap":{"0":{"start":{"line":27,"column":0},"end":{"line":27,"column":16}},"1":{"start":{"line":1,"column":0},"end":{"line":1,"column":63}},"2":{"start":{"line":10,"column":94},"end":{"line":15,"column":2}},"3":{"start":{"line":28,"column":12},"end":{"line":28,"column":29}},"4":{"start":{"line":29,"column":2},"end":{"line":29,"column":77}},"5":{"start":{"line":29,"column":10},"end":{"line":29,"column":77}},"6":{"start":{"line":30,"column":2},"end":{"line":30,"column":83}},"7":{"start":{"line":30,"column":23},"end":{"line":30,"column":83}},"8":{"start":{"line":32,"column":21},"end":{"line":32,"column":25}},"9":{"start":{"line":33,"column":15},"end":{"line":33,"column":37}},"10":{"start":{"line":34,"column":2},"end":{"line":34,"column":93}},"11":{"start":{"line":34,"column":13},"end":{"line":34,"column":93}},"12":{"start":{"line":36,"column":13},"end":{"line":36,"column":36}},"13":{"start":{"line":37,"column":13},"end":{"line":37,"column":36}},"14":{"start":{"line":38,"column":13},"end":{"line":38,"column":36}},"15":{"start":{"line":39,"column":19},"end":{"line":39,"column":64}},"16":{"start":{"line":41,"column":2},"end":{"line":43,"column":3}},"17":{"start":{"line":42,"column":4},"end":{"line":42,"column":61}},"18":{"start":{"line":45,"column":18},"end":{"line":45,"column":54}},"19":{"start":{"line":46,"column":17},"end":{"line":46,"column":40}},"20":{"start":{"line":47,"column":14},"end":{"line":47,"column":67}},"21":{"start":{"line":47,"column":44},"end":{"line":47,"column":63}},"22":{"start":{"line":48,"column":21},"end":{"line":48,"column":43}},"23":{"start":{"line":50,"column":2},"end":{"line":52,"column":3}},"24":{"start":{"line":51,"column":4},"end":{"line":51,"column":59}},"25":{"start":{"line":54,"column":16},"end":{"line":54,"column":43}},"26":{"start":{"line":55,"column":14},"end":{"line":55,"column":41}},"27":{"start":{"line":57,"column":2},"end":{"line":64,"column":4}}},"fnMap":{"0":{"name":"validateFRN","decl":{"start":{"line":27,"column":16},"end":{"line":27,"column":27}},"loc":{"start":{"line":27,"column":41},"end":{"line":65,"column":1}}},"1":{"name":"(anonymous_1)","decl":{"start":{"line":47,"column":29},"end":{"line":47,"column":30}},"loc":{"start":{"line":47,"column":44},"end":{"line":47,"column":63}}}},"branchMap":{"0":{"loc":{"start":{"line":29,"column":2},"end":{"line":29,"column":77}},"type":"if","locations":[{"start":{"line":29,"column":2},"end":{"line":29,"column":77}}]},"1":{"loc":{"start":{"line":30,"column":2},"end":{"line":30,"column":83}},"type":"if","locations":[{"start":{"line":30,"column":2},"end":{"line":30,"column":83}}]},"2":{"loc":{"start":{"line":34,"column":2},"end":{"line":34,"column":93}},"type":"if","locations":[{"start":{"line":34,"column":2},"end":{"line":34,"column":93}}]},"3":{"loc":{"start":{"line":39,"column":20},"end":{"line":39,"column":58}},"type":"cond-expr","locations":[{"start":{"line":39,"column":47},"end":{"line":39,"column":51}},{"start":{"line":39,"column":54},"end":{"line":39,"column":58}}]},"4":{"loc":{"start":{"line":41,"column":2},"end":{"line":43,"column":3}},"type":"if","locations":[{"start":{"line":41,"column":2},"end":{"line":43,"column":3}}]},"5":{"loc":{"start":{"line":50,"column":2},"end":{"line":52,"column":3}},"type":"if","locations":[{"start":{"line":50,"column":2},"end":{"line":52,"column":3}}]}},"s":{"0":1,"1":1,"2":1,"3":7,"4":7,"5":1,"6":6,"7":1,"8":5,"9":5,"10":5,"11":1,"12":4,"13":4,"14":4,"15":4,"16":4,"17":1,"18":3,"19":3,"20":3,"21":36,"22":3,"23":3,"24":3,"25":0,"26":0,"27":0},"f":{"0":7,"1":36},"b":{"0":[1],"1":[1],"2":[1],"3":[3,1],"4":[1],"5":[3]}}
,"/Users/sup/Desktop/practice/korean-id/src/rrn.ts": {"path":"/Users/sup/Desktop/practice/korean-id/src/rrn.ts","statementMap":{"0":{"start":{"line":34,"column":0},"end":{"line":34,"column":16}},"1":{"start":{"line":1,"column":0},"end":{"line":1,"column":63}},"2":{"start":{"line":10,"column":104},"end":{"line":17,"column":2}},"3":{"start":{"line":19,"column":47},"end":{"line":23,"column":2}},"4":{"start":{"line":35,"column":12},"end":{"line":35,"column":29}},"5":{"start":{"line":36,"column":2},"end":{"line":36,"column":77}},"6":{"start":{"line":36,"column":10},"end":{"line":36,"column":77}},"7":{"start":{"line":37,"column":2},"end":{"line":37,"column":83}},"8":{"start":{"line":37,"column":23},"end":{"line":37,"column":83}},"9":{"start":{"line":39,"column":21},"end":{"line":39,"column":25}},"10":{"start":{"line":40,"column":15},"end":{"line":40,"column":37}},"11":{"start":{"line":41,"column":2},"end":{"line":41,"column":79}},"12":{"start":{"line":41,"column":13},"end":{"line":41,"column":79}},"13":{"start":{"line":43,"column":13},"end":{"line":43,"column":36}},"14":{"start":{"line":44,"column":13},"end":{"line":44,"column":36}},"15":{"start":{"line":45,"column":13},"end":{"line":45,"column":36}},"16":{"start":{"line":46,"column":19},"end":{"line":46,"column":52}},"17":{"start":{"line":48,"column":2},"end":{"line":50,"column":3}},"18":{"start":{"line":49,"column":4},"end":{"line":49,"column":61}},"19":{"start":{"line":52,"column":18},"end":{"line":52,"column":54}},"20":{"start":{"line":53,"column":17},"end":{"line":53,"column":40}},"21":{"start":{"line":54,"column":14},"end":{"line":54,"column":67}},"22":{"start":{"line":54,"column":44},"end":{"line":54,"column":63}},"23":{"start":{"line":55,"column":21},"end":{"line":55,"column":43}},"24":{"start":{"line":57,"column":2},"end":{"line":59,"column":3}},"25":{"start":{"line":58,"column":4},"end":{"line":58,"column":59}},"26":{"start":{"line":61,"column":16},"end":{"line":61,"column":43}},"27":{"start":{"line":62,"column":14},"end":{"line":62,"column":41}},"28":{"start":{"line":64,"column":2},"end":{"line":71,"column":4}}},"fnMap":{"0":{"name":"validateRRN","decl":{"start":{"line":34,"column":16},"end":{"line":34,"column":27}},"loc":{"start":{"line":34,"column":41},"end":{"line":72,"column":1}}},"1":{"name":"(anonymous_1)","decl":{"start":{"line":54,"column":29},"end":{"line":54,"column":30}},"loc":{"start":{"line":54,"column":44},"end":{"line":54,"column":63}}}},"branchMap":{"0":{"loc":{"start":{"line":36,"column":2},"end":{"line":36,"column":77}},"type":"if","locations":[{"start":{"line":36,"column":2},"end":{"line":36,"column":77}}]},"1":{"loc":{"start":{"line":37,"column":2},"end":{"line":37,"column":83}},"type":"if","locations":[{"start":{"line":37,"column":2},"end":{"line":37,"column":83}}]},"2":{"loc":{"start":{"line":41,"column":2},"end":{"line":41,"column":79}},"type":"if","locations":[{"start":{"line":41,"column":2},"end":{"line":41,"column":79}}]},"3":{"loc":{"start":{"line":48,"column":2},"end":{"line":50,"column":3}},"type":"if","locations":[{"start":{"line":48,"column":2},"end":{"line":50,"column":3}}]},"4":{"loc":{"start":{"line":57,"column":2},"end":{"line":59,"column":3}},"type":"if","locations":[{"start":{"line":57,"column":2},"end":{"line":59,"column":3}}]}},"s":{"0":1,"1":1,"2":1,"3":1,"4":11,"5":11,"6":1,"7":10,"8":2,"9":8,"10":8,"11":8,"12":1,"13":7,"14":7,"15":7,"16":7,"17":7,"18":2,"19":5,"20":5,"21":5,"22":60,"23":5,"24":5,"25":2,"26":3,"27":3,"28":3},"f":{"0":11,"1":60},"b":{"0":[1],"1":[2],"2":[1],"3":[2],"4":[2]}}
,"/Users/sup/Desktop/practice/korean-id/src/_internal/utils.ts": {"path":"/Users/sup/Desktop/practice/korean-id/src/_internal/utils.ts","statementMap":{"0":{"start":{"line":2,"column":0},"end":{"line":2,"column":16}},"1":{"start":{"line":8,"column":0},"end":{"line":8,"column":16}},"2":{"start":{"line":3,"column":19},"end":{"line":3,"column":46}},"3":{"start":{"line":4,"column":2},"end":{"line":4,"column":50}},"4":{"start":{"line":9,"column":2},"end":{"line":9,"column":44}},"5":{"start":{"line":9,"column":31},"end":{"line":9,"column":44}},"6":{"start":{"line":10,"column":2},"end":{"line":10,"column":28}},"7":{"start":{"line":10,"column":15},"end":{"line":10,"column":28}},"8":{"start":{"line":11,"column":22},"end":{"line":11,"column":56}},"9":{"start":{"line":12,"column":2},"end":{"line":12,"column":28}}},"fnMap":{"0":{"name":"digitsOnly","decl":{"start":{"line":2,"column":16},"end":{"line":2,"column":26}},"loc":{"start":{"line":2,"column":40},"end":{"line":5,"column":1}}},"1":{"name":"isValidDate","decl":{"start":{"line":8,"column":16},"end":{"line":8,"column":27}},"loc":{"start":{"line":8,"column":68},"end":{"line":13,"column":1}}}},"branchMap":{"0":{"loc":{"start":{"line":4,"column":9},"end":{"line":4,"column":49}},"type":"cond-expr","locations":[{"start":{"line":4,"column":34},"end":{"line":4,"column":42}},{"start":{"line":4,"column":45},"end":{"line":4,"column":49}}]},"1":{"loc":{"start":{"line":9,"column":2},"end":{"line":9,"column":44}},"type":"if","locations":[{"start":{"line":9,"column":2},"end":{"line":9,"column":44}}]},"2":{"loc":{"start":{"line":9,"column":6},"end":{"line":9,"column":29}},"type":"binary-expr","locations":[{"start":{"line":9,"column":6},"end":{"line":9,"column":15}},{"start":{"line":9,"column":19},"end":{"line":9,"column":29}}]},"3":{"loc":{"start":{"line":10,"column":2},"end":{"line":10,"column":28}},"type":"if","locations":[{"start":{"line":10,"column":2},"end":{"line":10,"column":28}}]}},"s":{"0":5,"1":5,"2":50,"3":50,"4":11,"5":2,"6":9,"7":0,"8":9,"9":9},"f":{"0":50,"1":11},"b":{"0":[46,4],"1":[2],"2":[11,11],"3":[0]}}
}
