TN:
SF:src/brn.ts
FN:21,validateBRN
FN:42,(anonymous_1)
FNF:2
FNH:2
FNDA:10,validateBRN
FNDA:27,(anonymous_1)
DA:1,1
DA:21,1
DA:22,10
DA:23,10
DA:24,9
DA:26,7
DA:27,7
DA:28,7
DA:30,7
DA:31,2
DA:33,5
DA:34,1
DA:36,4
DA:37,1
DA:40,3
DA:41,3
DA:42,27
DA:43,3
DA:44,3
DA:46,3
DA:47,1
DA:50,2
LF:22
LH:22
BRDA:23,0,0,1
BRDA:24,1,0,2
BRDA:30,2,0,2
BRDA:33,3,0,1
BRDA:36,4,0,1
BRDA:46,5,0,1
BRF:6
BRH:6
end_of_record
TN:
SF:src/crn.ts
FN:13,validateCRN
FNF:1
FNH:1
FNDA:6,validateCRN
DA:1,1
DA:13,1
DA:14,6
DA:15,6
DA:16,5
DA:18,3
DA:19,3
DA:21,3
DA:22,3
DA:23,36
DA:24,36
DA:27,3
DA:29,3
DA:30,1
DA:33,2
LF:15
LH:15
BRDA:15,0,0,1
BRDA:16,1,0,2
BRDA:24,2,0,3
BRDA:24,2,1,33
BRDA:29,3,0,1
BRF:5
BRH:5
end_of_record
TN:
SF:src/format.ts
FN:10,formatBRN
FN:22,formatRRN
FN:34,formatCRN
FN:46,formatFRN
FN:58,maskRRN
FN:70,maskBRN
FN:82,maskFRN
FNF:7
FNH:7
FNDA:6,formatBRN
FNDA:6,formatRRN
FNDA:2,formatCRN
FNDA:2,formatFRN
FNDA:3,maskRRN
FNDA:3,maskBRN
FNDA:1,maskFRN
DA:1,1
DA:10,1
DA:11,6
DA:12,6
DA:13,4
DA:22,1
DA:23,6
DA:24,6
DA:25,4
DA:34,1
DA:35,2
DA:36,2
DA:37,1
DA:46,1
DA:47,2
DA:48,2
DA:49,2
DA:58,1
DA:59,3
DA:60,3
DA:61,2
DA:70,1
DA:71,3
DA:72,3
DA:73,2
DA:82,1
DA:83,1
DA:84,1
DA:85,1
LF:29
LH:29
BRDA:12,0,0,2
BRDA:12,1,0,6
BRDA:12,1,1,6
BRDA:24,2,0,2
BRDA:24,3,0,6
BRDA:24,3,1,6
BRDA:36,4,0,1
BRDA:36,5,0,2
BRDA:36,5,1,2
BRDA:48,6,0,0
BRDA:48,7,0,2
BRDA:48,7,1,2
BRDA:60,8,0,1
BRDA:72,9,0,1
BRDA:84,10,0,0
BRF:15
BRH:13
end_of_record
TN:
SF:src/frn.ts
FN:27,validateFRN
FN:47,(anonymous_1)
FNF:2
FNH:2
FNDA:7,validateFRN
FNDA:36,(anonymous_1)
DA:1,1
DA:10,1
DA:27,1
DA:28,7
DA:29,7
DA:30,6
DA:32,5
DA:33,5
DA:34,5
DA:36,4
DA:37,4
DA:38,4
DA:39,4
DA:41,4
DA:42,1
DA:45,3
DA:46,3
DA:47,36
DA:48,3
DA:50,3
DA:51,3
DA:54,0
DA:55,0
DA:57,0
LF:24
LH:21
BRDA:29,0,0,1
BRDA:30,1,0,1
BRDA:34,2,0,1
BRDA:39,3,0,3
BRDA:39,3,1,1
BRDA:41,4,0,1
BRDA:50,5,0,3
BRF:7
BRH:7
end_of_record
TN:
SF:src/rrn.ts
FN:34,validateRRN
FN:54,(anonymous_1)
FNF:2
FNH:2
FNDA:11,validateRRN
FNDA:60,(anonymous_1)
DA:1,1
DA:10,1
DA:19,1
DA:34,1
DA:35,11
DA:36,11
DA:37,10
DA:39,8
DA:40,8
DA:41,8
DA:43,7
DA:44,7
DA:45,7
DA:46,7
DA:48,7
DA:49,2
DA:52,5
DA:53,5
DA:54,60
DA:55,5
DA:57,5
DA:58,2
DA:61,3
DA:62,3
DA:64,3
LF:25
LH:25
BRDA:36,0,0,1
BRDA:37,1,0,2
BRDA:41,2,0,1
BRDA:48,3,0,2
BRDA:57,4,0,2
BRF:5
BRH:5
end_of_record
TN:
SF:src/_internal/utils.ts
FN:2,digitsOnly
FN:8,isValidDate
FNF:2
FNH:2
FNDA:50,digitsOnly
FNDA:11,isValidDate
DA:2,5
DA:3,50
DA:4,50
DA:8,5
DA:9,11
DA:10,9
DA:11,9
DA:12,9
LF:8
LH:8
BRDA:4,0,0,46
BRDA:4,0,1,4
BRDA:9,1,0,2
BRDA:9,2,0,11
BRDA:9,2,1,11
BRDA:10,3,0,0
BRF:6
BRH:5
end_of_record
